### Custom WaveView ADV log file, revision R-2020.12-SP1 (build Apr 08, ) ###
### created at 21:21:39 on Tue Oct 24 2023 (Linux AMD64) ###
### Host Name: bree.ecen.okstate.edu   User ID: mimccom   PID: 69133   ###
wv_start_log
# (0) running in waveview only mode
# (0) SW_SX_PERL_LIB defined
# (0) SW_SX_TCL_LIB defined
# (0) HOME defined
wv_move_window {Custom WaveView} {} 557 315
wv_select_window {Custom WaveView} 
wv_press_tool_button {Custom WaveView} {} {OpenWaveform0} 
wv_select_dialog {FileDialog} 
wv_select_list_item {FileDialog} {} {FileList} {tb_inv_tran.raw} 17
wv_dclick_list_item {FileDialog} {} {FileList} {tb_inv_tran.raw} 17
wv_drag_tree_item {Custom WaveView} {} {hierview} {D0:tb_inv_tran.raw(0)} {+sep=@}
wv_select_tree_item {Custom WaveView} {} {hierview} {D0:tb_inv_tran.raw(0)} {0} {+sep=@}
wv_drag_enter WV1
wv_drop_on WV1
wv_resize_browser {Custom WaveView} {} {WV.Browser} 250 408
wv_resize_browser {Custom WaveView} {} {waveview 1:1} 642 382
wv_resize_window {Custom WaveView} 902 551
wv_resize_browser {Custom WaveView} {} {WV.Browser} 250 412
wv_resize_browser {Custom WaveView} {} {waveview 1:1} 648 386
wv_resize_window {Custom WaveView} 908 555
wv_resize_browser {Custom WaveView} {} {WV.Browser} 250 415
wv_resize_browser {Custom WaveView} {} {waveview 1:1} 652 389
wv_resize_window {Custom WaveView} 912 558
wv_resize_browser {Custom WaveView} {} {WV.Browser} 250 420
wv_resize_browser {Custom WaveView} {} {waveview 1:1} 664 394
wv_resize_window {Custom WaveView} 924 563
wv_resize_browser {Custom WaveView} {} {WV.Browser} 250 422
wv_resize_browser {Custom WaveView} {} {waveview 1:1} 669 396
wv_resize_window {Custom WaveView} 929 565
wv_resize_browser {Custom WaveView} {} {WV.Browser} 250 426
wv_resize_browser {Custom WaveView} {} {waveview 1:1} 677 400
wv_resize_window {Custom WaveView} 937 569
wv_resize_browser {Custom WaveView} {} {WV.Browser} 250 428
wv_resize_browser {Custom WaveView} {} {waveview 1:1} 683 402
wv_resize_window {Custom WaveView} 943 571
wv_resize_browser {Custom WaveView} {} {WV.Browser} 250 435
wv_resize_browser {Custom WaveView} {} {waveview 1:1} 698 409
wv_resize_window {Custom WaveView} 958 578
wv_resize_browser {Custom WaveView} {} {WV.Browser} 250 440
wv_resize_browser {Custom WaveView} {} {waveview 1:1} 710 414
wv_resize_window {Custom WaveView} 970 583
wv_resize_browser {Custom WaveView} {} {WV.Browser} 250 442
wv_resize_browser {Custom WaveView} {} {waveview 1:1} 720 416
wv_resize_window {Custom WaveView} 980 585
wv_resize_browser {Custom WaveView} {} {WV.Browser} 250 444
wv_resize_browser {Custom WaveView} {} {waveview 1:1} 728 418
wv_resize_window {Custom WaveView} 988 587
wv_resize_browser {Custom WaveView} {} {WV.Browser} 250 445
wv_resize_browser {Custom WaveView} {} {waveview 1:1} 731 419
wv_resize_window {Custom WaveView} 991 588
wv_resize_browser {Custom WaveView} {} {WV.Browser} 250 447
wv_resize_browser {Custom WaveView} {} {waveview 1:1} 733 421
wv_resize_window {Custom WaveView} 993 590
wv_resize_browser {Custom WaveView} {} {WV.Browser} 250 449
wv_resize_browser {Custom WaveView} {} {waveview 1:1} 739 423
wv_resize_window {Custom WaveView} 999 592
wv_resize_browser {Custom WaveView} {} {WV.Browser} 250 451
wv_resize_browser {Custom WaveView} {} {waveview 1:1} 742 425
wv_resize_window {Custom WaveView} 1002 594
wv_resize_browser {Custom WaveView} {} {WV.Browser} 250 452
wv_resize_browser {Custom WaveView} {} {waveview 1:1} 748 426
wv_resize_window {Custom WaveView} 1008 595
wv_resize_browser {Custom WaveView} {} {WV.Browser} 250 454
wv_resize_browser {Custom WaveView} {} {waveview 1:1} 752 428
wv_resize_window {Custom WaveView} 1012 597
wv_resize_browser {Custom WaveView} {} {WV.Browser} 250 455
wv_resize_browser {Custom WaveView} {} {waveview 1:1} 755 429
wv_resize_window {Custom WaveView} 1015 598
wv_resize_browser {Custom WaveView} {} {WV.Browser} 250 456
wv_resize_browser {Custom WaveView} {} {waveview 1:1} 756 430
wv_resize_window {Custom WaveView} 1016 599
wv_resize_browser {Custom WaveView} {} {WV.Browser} 250 457
wv_resize_browser {Custom WaveView} {} {waveview 1:1} 758 431
wv_resize_window {Custom WaveView} 1018 600
wv_resize_browser {Custom WaveView} {} {WV.Browser} 250 459
wv_resize_browser {Custom WaveView} {} {waveview 1:1} 761 433
wv_resize_window {Custom WaveView} 1021 602
wv_resize_browser {Custom WaveView} {} {WV.Browser} 250 461
wv_resize_browser {Custom WaveView} {} {waveview 1:1} 763 435
wv_resize_window {Custom WaveView} 1023 604
wv_resize_browser {Custom WaveView} {} {WV.Browser} 250 464
wv_resize_browser {Custom WaveView} {} {waveview 1:1} 770 438
wv_resize_window {Custom WaveView} 1030 607
wv_resize_browser {Custom WaveView} {} {WV.Browser} 250 466
wv_resize_browser {Custom WaveView} {} {waveview 1:1} 783 440
wv_resize_window {Custom WaveView} 1043 609
wv_select_window {Custom WaveView} 
wv_resize_browser {Custom WaveView} {} {waveview 1:1} 784 440
wv_resize_window {Custom WaveView} 1044 609
wv_resize_browser {Custom WaveView} {} {WV.Browser} 250 469
wv_resize_browser {Custom WaveView} {} {waveview 1:1} 789 443
wv_resize_window {Custom WaveView} 1049 612
wv_resize_browser {Custom WaveView} {} {WV.Browser} 250 472
wv_resize_browser {Custom WaveView} {} {waveview 1:1} 795 446
wv_resize_window {Custom WaveView} 1055 615
wv_resize_browser {Custom WaveView} {} {WV.Browser} 250 477
wv_resize_browser {Custom WaveView} {} {waveview 1:1} 804 451
wv_resize_window {Custom WaveView} 1064 620
wv_resize_browser {Custom WaveView} {} {WV.Browser} 250 482
wv_resize_browser {Custom WaveView} {} {waveview 1:1} 816 456
wv_resize_window {Custom WaveView} 1076 625
wv_resize_browser {Custom WaveView} {} {WV.Browser} 250 488
wv_resize_browser {Custom WaveView} {} {waveview 1:1} 833 462
wv_resize_window {Custom WaveView} 1093 631
wv_resize_browser {Custom WaveView} {} {WV.Browser} 250 491
wv_resize_browser {Custom WaveView} {} {waveview 1:1} 843 465
wv_resize_window {Custom WaveView} 1103 634
wv_resize_browser {Custom WaveView} {} {WV.Browser} 250 495
wv_resize_browser {Custom WaveView} {} {waveview 1:1} 856 469
wv_resize_window {Custom WaveView} 1116 638
wv_resize_browser {Custom WaveView} {} {WV.Browser} 250 501
wv_resize_browser {Custom WaveView} {} {waveview 1:1} 878 475
wv_resize_window {Custom WaveView} 1138 644
wv_resize_browser {Custom WaveView} {} {WV.Browser} 250 511
wv_resize_browser {Custom WaveView} {} {waveview 1:1} 903 485
wv_resize_window {Custom WaveView} 1163 654
wv_resize_browser {Custom WaveView} {} {WV.Browser} 250 526
wv_resize_browser {Custom WaveView} {} {waveview 1:1} 936 500
wv_resize_window {Custom WaveView} 1196 669
wv_resize_browser {Custom WaveView} {} {WV.Browser} 250 535
wv_resize_browser {Custom WaveView} {} {waveview 1:1} 963 509
wv_resize_window {Custom WaveView} 1223 678
wv_resize_browser {Custom WaveView} {} {WV.Browser} 250 546
wv_resize_browser {Custom WaveView} {} {waveview 1:1} 991 520
wv_resize_window {Custom WaveView} 1251 689
wv_resize_browser {Custom WaveView} {} {WV.Browser} 250 554
wv_resize_browser {Custom WaveView} {} {waveview 1:1} 1015 528
wv_resize_window {Custom WaveView} 1275 697
wv_resize_browser {Custom WaveView} {} {WV.Browser} 250 562
wv_resize_browser {Custom WaveView} {} {waveview 1:1} 1037 536
wv_resize_window {Custom WaveView} 1297 705
wv_resize_browser {Custom WaveView} {} {WV.Browser} 250 572
wv_resize_browser {Custom WaveView} {} {waveview 1:1} 1066 546
wv_resize_window {Custom WaveView} 1326 715
wv_resize_browser {Custom WaveView} {} {WV.Browser} 250 582
wv_resize_browser {Custom WaveView} {} {waveview 1:1} 1106 556
wv_resize_window {Custom WaveView} 1366 725
wv_resize_browser {Custom WaveView} {} {WV.Browser} 250 586
wv_resize_browser {Custom WaveView} {} {waveview 1:1} 1129 560
wv_resize_window {Custom WaveView} 1389 729
wv_resize_browser {Custom WaveView} {} {WV.Browser} 250 587
wv_resize_browser {Custom WaveView} {} {waveview 1:1} 1138 561
wv_resize_window {Custom WaveView} 1398 730
wv_resize_browser {Custom WaveView} {} {WV.Browser} 250 588
wv_resize_browser {Custom WaveView} {} {waveview 1:1} 1139 562
wv_resize_window {Custom WaveView} 1399 731
wv_resize_browser {Custom WaveView} {} {waveview 1:1} 1141 562
wv_resize_window {Custom WaveView} 1401 731
wv_resize_browser {Custom WaveView} {} {WV.Browser} 250 589
wv_resize_browser {Custom WaveView} {} {waveview 1:1} 1146 563
wv_resize_window {Custom WaveView} 1406 732
wv_resize_browser {Custom WaveView} {} {WV.Browser} 250 590
wv_resize_browser {Custom WaveView} {} {waveview 1:1} 1147 564
wv_resize_window {Custom WaveView} 1407 733
wv_resize_browser {Custom WaveView} {} {waveview 1:1} 1149 564
wv_resize_window {Custom WaveView} 1409 733
wv_resize_browser {Custom WaveView} {} {WV.Browser} 250 592
wv_resize_browser {Custom WaveView} {} {waveview 1:1} 1153 566
wv_resize_window {Custom WaveView} 1413 735
wv_resize_browser {Custom WaveView} {} {WV.Browser} 250 594
wv_resize_browser {Custom WaveView} {} {waveview 1:1} 1159 568
wv_resize_window {Custom WaveView} 1419 737
wv_resize_browser {Custom WaveView} {} {waveview 1:1} 1164 568
wv_resize_window {Custom WaveView} 1424 737
wv_resize_browser {Custom WaveView} {} {WV.Browser} 250 596
wv_resize_browser {Custom WaveView} {} {waveview 1:1} 1170 570
wv_resize_window {Custom WaveView} 1430 739
wv_resize_browser {Custom WaveView} {} {WV.Browser} 250 599
wv_resize_browser {Custom WaveView} {} {waveview 1:1} 1179 573
wv_resize_window {Custom WaveView} 1439 742
wv_resize_browser {Custom WaveView} {} {WV.Browser} 250 600
wv_resize_browser {Custom WaveView} {} {waveview 1:1} 1185 574
wv_resize_window {Custom WaveView} 1445 743
wv_resize_browser {Custom WaveView} {} {WV.Browser} 250 602
wv_resize_browser {Custom WaveView} {} {waveview 1:1} 1189 576
wv_resize_window {Custom WaveView} 1449 745
wv_resize_browser {Custom WaveView} {} {WV.Browser} 250 604
wv_resize_browser {Custom WaveView} {} {waveview 1:1} 1202 578
wv_resize_window {Custom WaveView} 1462 747
wv_resize_browser {Custom WaveView} {} {WV.Browser} 250 606
wv_resize_browser {Custom WaveView} {} {waveview 1:1} 1214 580
wv_resize_window {Custom WaveView} 1474 749
wv_resize_browser {Custom WaveView} {} {WV.Browser} 250 607
wv_resize_browser {Custom WaveView} {} {waveview 1:1} 1223 581
wv_resize_window {Custom WaveView} 1483 750
wv_select_window {Custom WaveView} 
wv_resize_browser {Custom WaveView} {} {WV.Browser} 250 828
wv_resize_browser {Custom WaveView} {} {waveview 1:1} 1660 802
wv_resize_window {Custom WaveView} 1920 971
wv_move_window {Custom WaveView} {} 0 31
wv_press_tool_button {Custom WaveView} {} {OpenWaveformFile0} 
wv_select_dialog {FileDialog} 
wv_select_list_item {FileDialog} {} {FileList} {tb_inv_vtc.raw} 18
wv_select_list_item {FileDialog} {} {FileList} {tb_inv_vtc.raw} 18
wv_dclick_list_item {FileDialog} {} {FileList} {tb_inv_vtc.raw} 18
wv_select_tree_item {Custom WaveView} {} {hierview} {D0:tb_inv_tran.raw(0)} {0} {+sep=@}
wv_select_tree_item {Custom WaveView} {} {hierview} {D0:tb_inv_tran.raw(0)} {0} {+sep=@}
wv_tree_context_menu {Custom WaveView} {} {hierview} 80 11 {D0:tb_inv_tran.raw(0)} {+sep=@}
wv_select_menu_item {Custom WaveView} {} {FileViewPopMenu.Close This File} 
wv_press_button {Confirmation} {} {Ok} 
wv_drag_tree_item {Custom WaveView} {} {hierview} {D0:tb_inv_vtc.raw(0)} {+sep=@}
wv_select_tree_item {Custom WaveView} {} {hierview} {D0:tb_inv_vtc.raw(0)} {0} {+sep=@}
wv_drag_enter WV1
wv_drop_on WV1
wv_select_waveview 1 {waveview 1}
wv_select_wv_item WV1.PANEL1:1.LINE3
wv_select_line WV1.PANEL1:1.LINE3
wv_press_key Delete 309 225
wv_select_dialog {Confirmation} 
wv_press_button {Confirmation} {} {Ok} 
wv_resize_browser {Custom WaveView} {} {WV.Browser} 250 607
wv_resize_browser {Custom WaveView} {} {waveview 1:1} 1223 581
wv_resize_window {Custom WaveView} 1483 750
wv_move_window {Custom WaveView} {} 394 31
wv_move_window {Custom WaveView} {} 353 31
wv_move_window {Custom WaveView} {} 352 31
wv_move_window {Custom WaveView} {} 314 31
wv_select_window {Custom WaveView} 
wv_close_window {Custom WaveView} 
wv_select_dialog {Confirmation} 
#wv_press_button {Confirmation} {} {Ok} 
#*WARNING* Can not remove '/home/mimccom/.cx_hostport/.cx_hostport_bree.ecen.okstate.edu_69133'.
