
Circuit 1 cell sky130_fd_pr__pfet_01v8 and Circuit 2 cell sky130_fd_pr__pfet_01v8 are black boxes.
Warning: Equate pins:  cell sky130_fd_pr__pfet_01v8 is a placeholder, treated as a black box.
Warning: Equate pins:  cell sky130_fd_pr__pfet_01v8 is a placeholder, treated as a black box.

Subcircuit pins:
Circuit 1: sky130_fd_pr__pfet_01v8         |Circuit 2: sky130_fd_pr__pfet_01v8         
-------------------------------------------|-------------------------------------------
1                                          |1                                          
2                                          |2                                          
3                                          |3                                          
4                                          |4                                          
---------------------------------------------------------------------------------------
Cell pin lists are equivalent.
Device classes sky130_fd_pr__pfet_01v8 and sky130_fd_pr__pfet_01v8 are equivalent.

Circuit 1 cell sky130_fd_pr__nfet_01v8 and Circuit 2 cell sky130_fd_pr__nfet_01v8 are black boxes.
Warning: Equate pins:  cell sky130_fd_pr__nfet_01v8 is a placeholder, treated as a black box.
Warning: Equate pins:  cell sky130_fd_pr__nfet_01v8 is a placeholder, treated as a black box.

Subcircuit pins:
Circuit 1: sky130_fd_pr__nfet_01v8         |Circuit 2: sky130_fd_pr__nfet_01v8         
-------------------------------------------|-------------------------------------------
1                                          |1                                          
2                                          |2                                          
3                                          |3                                          
4                                          |4                                          
---------------------------------------------------------------------------------------
Cell pin lists are equivalent.
Device classes sky130_fd_pr__nfet_01v8 and sky130_fd_pr__nfet_01v8 are equivalent.

Subcircuit summary:
Circuit 1: addf                            |Circuit 2: addf                            
-------------------------------------------|-------------------------------------------
sky130_fd_pr__pfet_01v8 (14)               |sky130_fd_pr__pfet_01v8 (14)               
sky130_fd_pr__nfet_01v8 (14)               |sky130_fd_pr__nfet_01v8 (14)               
Number of devices: 28                      |Number of devices: 28                      
Number of nets: 19                         |Number of nets: 19                         
---------------------------------------------------------------------------------------
NET mismatches: Class fragments follow (with fanout counts):
Circuit 1: addf                            |Circuit 2: addf                            

---------------------------------------------------------------------------------------
Net: B                                     |Net: b                                     
  sky130_fd_pr__pfet_01v8/2 = 4            |  sky130_fd_pr__pfet_01v8/2 = 4            
  sky130_fd_pr__nfet_01v8/2 = 4            |  sky130_fd_pr__nfet_01v8/2 = 4            
---------------------------------------------------------------------------------------

---------------------------------------------------------------------------------------
Net: gnd                                   |Net: gnd                                   
  sky130_fd_pr__nfet_01v8/(1|3) = 9        |  sky130_fd_pr__nfet_01v8/(1|3) = 9        
  sky130_fd_pr__nfet_01v8/4 = 14           |  sky130_fd_pr__nfet_01v8/4 = 14           
                                           |                                           
Net: vdd                                   |Net: vdd                                   
  sky130_fd_pr__pfet_01v8/4 = 14           |  sky130_fd_pr__pfet_01v8/4 = 14           
  sky130_fd_pr__pfet_01v8/(1|3) = 9        |  sky130_fd_pr__pfet_01v8/(1|3) = 9        
---------------------------------------------------------------------------------------

---------------------------------------------------------------------------------------
Net: a_784_115#                            |Net: net5                                  
  sky130_fd_pr__pfet_01v8/2 = 1            |  sky130_fd_pr__pfet_01v8/(1|3) = 2        
  sky130_fd_pr__nfet_01v8/2 = 1            |  sky130_fd_pr__pfet_01v8/2 = 1            
  sky130_fd_pr__pfet_01v8/(1|3) = 2        |  sky130_fd_pr__nfet_01v8/(1|3) = 2        
  sky130_fd_pr__nfet_01v8/(1|3) = 2        |  sky130_fd_pr__nfet_01v8/2 = 1            
                                           |                                           
Net: CI                                    |Net: CI                                    
  sky130_fd_pr__pfet_01v8/2 = 3            |  sky130_fd_pr__pfet_01v8/2 = 3            
  sky130_fd_pr__nfet_01v8/2 = 3            |  sky130_fd_pr__nfet_01v8/2 = 3            
---------------------------------------------------------------------------------------

---------------------------------------------------------------------------------------
Net: a_870_115#                            |Net: net6                                  
  sky130_fd_pr__nfet_01v8/(1|3) = 2        |  sky130_fd_pr__nfet_01v8/(1|3) = 2        
                                           |                                           
Net: a_952_115#                            |Net: net7                                  
  sky130_fd_pr__nfet_01v8/(1|3) = 2        |  sky130_fd_pr__nfet_01v8/(1|3) = 2        
                                           |                                           
Net: a_870_521#                            |Net: net4                                  
  sky130_fd_pr__pfet_01v8/(1|3) = 2        |  sky130_fd_pr__pfet_01v8/(1|3) = 2        
                                           |                                           
Net: a_952_521#                            |Net: net3                                  
  sky130_fd_pr__pfet_01v8/(1|3) = 2        |  sky130_fd_pr__pfet_01v8/(1|3) = 2        
---------------------------------------------------------------------------------------
DEVICE mismatches: Class fragments follow (with node fanout counts):
Circuit 1: addf                            |Circuit 2: addf                            

---------------------------------------------------------------------------------------
Instance: sky130_fd_pr__nfet_01v8:20       |Instance: sky130_fd_pr__nfet_01v8:M24      
  (1,3) = (6,2)                            |  (1,3) = (2,2)                            
  2 = 8                                    |  2 = 8                                    
  4 = 23                                   |  4 = 23                                   
                                           |                                           
Instance: sky130_fd_pr__nfet_01v8:4        |Instance: sky130_fd_pr__nfet_01v8:M23      
  (1,3) = (2,2)                            |  (1,3) = (6,2)                            
  2 = 6                                    |  2 = 6                                    
  4 = 23                                   |  4 = 23                                   
---------------------------------------------------------------------------------------

---------------------------------------------------------------------------------------
Instance: sky130_fd_pr__pfet_01v8:16       |Instance: sky130_fd_pr__pfet_01v8:M12      
  (1,3) = (6,2)                            |  (1,3) = (6,2)                            
  2 = 8                                    |  2 = 6                                    
  4 = 23                                   |  4 = 23                                   
                                           |                                           
Instance: sky130_fd_pr__pfet_01v8:0        |Instance: sky130_fd_pr__pfet_01v8:M11      
  (1,3) = (2,2)                            |  (1,3) = (2,2)                            
  2 = 6                                    |  2 = 8                                    
  4 = 23                                   |  4 = 23                                   
---------------------------------------------------------------------------------------
Netlists do not match.

Subcircuit pins:
Circuit 1: addf                            |Circuit 2: addf                            
-------------------------------------------|-------------------------------------------
B                                          |b                                          
A                                          |a                                          
gnd                                        |gnd                                        
vdd                                        |vdd                                        
CI                                         |CI                                         
S                                          |S                                          
CO                                         |CO                                         
---------------------------------------------------------------------------------------
Cell pin lists are equivalent.
Device classes addf and addf are equivalent.

Final result: Netlists do not match.
